<?xml version="1.0" encoding="UTF-8"?>
<!-- Generated by org.testng.reporters.JUnitXMLReporter -->
<testsuite ignored="0" hostname="INBENBRYOGEESH" failures="0" tests="3" name="Test" time="0.096" errors="0" timestamp="2019-12-22T22:42:36 IST">
  <testcase classname="testng.Account.SFGlobalMethods" name="@BeforeTest setupTest" time="0.04">
    <failure type="java.lang.IllegalStateException" message="The path to the driver executable must be set by the webdriver.chrome.driver system property; for more information, see https://github.com/SeleniumHQ/selenium/wiki/ChromeDriver. The latest version can be downloaded from http://chromedriver.storage.googleapis.com/index.html">
      <![CDATA[java.lang.IllegalStateException: The path to the driver executable must be set by the webdriver.chrome.driver system property; for more information, see https://github.com/SeleniumHQ/selenium/wiki/ChromeDriver. The latest version can be downloaded from http://chromedriver.storage.googleapis.com/index.html
at com.google.common.base.Preconditions.checkState(Preconditions.java:847)
at org.openqa.selenium.remote.service.DriverService.findExecutable(DriverService.java:134)
at org.openqa.selenium.chrome.ChromeDriverService.access$000(ChromeDriverService.java:35)
at org.openqa.selenium.chrome.ChromeDriverService$Builder.findDefaultExecutable(ChromeDriverService.java:159)
at org.openqa.selenium.remote.service.DriverService$Builder.build(DriverService.java:355)
at org.openqa.selenium.chrome.ChromeDriverService.createDefaultService(ChromeDriverService.java:94)
at org.openqa.selenium.chrome.ChromeDriver.<init>(ChromeDriver.java:123)
at testng.Account.SFGlobalMethods.setupTest(SFGlobalMethods.java:45)
... Removed 24 stack frames]]>
    </failure>
  </testcase> <!-- @BeforeTest setupTest -->
  <testcase classname="testng.Account.SFGlobalMethods" name="@BeforeClass setupClass" time="-1.57703475649E9">
    <skipped/>
  </testcase> <!-- @BeforeClass setupClass -->
  <testcase classname="testng.Account.SFGlobalMethods" name="@AfterTest teardown" time="-1.577034756518E9">
    <skipped/>
  </testcase> <!-- @AfterTest teardown -->
  <testcase classname="testng.Account.SFGlobalMethods" name="createAccount" time="0.0">
    <skipped/>
  </testcase> <!-- createAccount -->
  <testcase classname="testng.Account.SFGlobalMethods" name="Chatter" time="0.0">
    <skipped/>
  </testcase> <!-- Chatter -->
  <testcase classname="testng.Account.SFGlobalMethods" name="Opportunity" time="0.0">
    <skipped/>
  </testcase> <!-- Opportunity -->
</testsuite> <!-- Test -->
