<?xml version="1.0" encoding="UTF-8"?>
<!-- Generated by org.testng.reporters.JUnitXMLReporter -->
<testsuite ignored="0" hostname="DESKTOP-060IDNG" failures="0" tests="1" name="Chatter" time="103.067" errors="0" timestamp="2020-05-13T06:02:36 IST">
  <testcase classname="testcase.Demo3_SFWithElementMethod.ChatterTest" name="@BeforeTest setupTest" time="103.002">
    <failure type="java.lang.RuntimeException" message="Element not found">
      <![CDATA[java.lang.RuntimeException: Element not found
at com.solveurits.automation.SeleniumAT.waitUntilPageContainsElement(SeleniumAT.java:291)
at com.solveurits.automation.SalesforceAT.sfLoginIntoApplication(SalesforceAT.java:37)
at testcase.Demo3_SFWithElementMethod.ChatterTest.setupTest(ChatterTest.java:59)
at java.base/jdk.internal.reflect.NativeMethodAccessorImpl.invoke0(Native Method)
at java.base/jdk.internal.reflect.NativeMethodAccessorImpl.invoke(NativeMethodAccessorImpl.java:62)
at java.base/jdk.internal.reflect.DelegatingMethodAccessorImpl.invoke(DelegatingMethodAccessorImpl.java:43)
at java.base/java.lang.reflect.Method.invoke(Method.java:567)
at org.testng.internal.MethodInvocationHelper.invokeMethod(MethodInvocationHelper.java:133)
at org.testng.internal.MethodInvocationHelper.invokeMethodConsideringTimeout(MethodInvocationHelper.java:62)
at org.testng.internal.ConfigInvoker.invokeConfigurationMethod(ConfigInvoker.java:340)
at org.testng.internal.ConfigInvoker.invokeConfigurations(ConfigInvoker.java:294)
at org.testng.TestRunner.invokeTestConfigurations(TestRunner.java:623)
at org.testng.TestRunner.beforeRun(TestRunner.java:613)
at org.testng.TestRunner.run(TestRunner.java:584)
at org.testng.SuiteRunner.runTest(SuiteRunner.java:402)
at org.testng.SuiteRunner.access$000(SuiteRunner.java:41)
at org.testng.SuiteRunner$SuiteWorker.run(SuiteRunner.java:443)
at org.testng.internal.thread.ThreadUtil.lambda$execute$0(ThreadUtil.java:67)
at java.base/java.util.concurrent.FutureTask.run(FutureTask.java:264)
at java.base/java.util.concurrent.ThreadPoolExecutor.runWorker(ThreadPoolExecutor.java:1128)
at java.base/java.util.concurrent.ThreadPoolExecutor$Worker.run(ThreadPoolExecutor.java:628)
at java.base/java.lang.Thread.run(Thread.java:830)
]]>
    </failure>
  </testcase> <!-- @BeforeTest setupTest -->
  <testcase classname="testcase.Demo3_SFWithElementMethod.ChatterTest" name="@AfterTest teardown" time="-1.589329956022E9">
    <skipped/>
  </testcase> <!-- @AfterTest teardown -->
  <testcase classname="testcase.Demo3_SFWithElementMethod.ChatterTest" name="Chatter" time="0.0">
    <skipped/>
  </testcase> <!-- Chatter -->
</testsuite> <!-- Chatter -->
