<?xml version="1.0" encoding="UTF-8"?>
<!-- Generated by org.testng.reporters.JUnitXMLReporter -->
<testsuite ignored="0" hostname="DESKTOP-060IDNG" failures="2" tests="18" name="Demo4_Chatter" time="149.276" errors="0" timestamp="2020-05-12T21:31:38 IST">
  <testcase classname="testcase.Demo1_GlobalSearch.SFGlobalSearch" name="globalSearch" time="113.676"/>
  <testcase classname="testcase.Demo2_SFGlobalMethods.OpportunityTest" name="Opportunity" time="123.646"/>
  <testcase classname="testcase.Demo2_SFGlobalMethods.ChatterTest" name="Chatter" time="126.927"/>
  <testcase classname="testcase.Demo2_SFGlobalMethods.OpportunityTest" name="addActivity" time="132.12"/>
  <testcase classname="testcase.Demo2_SFGlobalMethods.AccountTest" name="createAccount" time="231.896"/>
  <testcase classname="testcase.Demo3_SFWithElementMethod.OpportunityTest" name="Opportunity" time="83.513"/>
  <testcase classname="testcase.Demo2_SFGlobalMethods.OpportunityTest" name="addChatter" time="80.552"/>
  <testcase classname="testcase.Demo3_SFWithElementMethod.AccountTest" name="createAccount" time="198.873"/>
  <testcase classname="testcase.Demo2_SFGlobalMethods.AccountTest" name="addActivity" time="96.954"/>
  <testcase classname="testcase.Demo3_SFWithElementMethod.OpportunityTest" name="addActivity" time="87.6"/>
  <testcase classname="testcase.Demo2_SFGlobalMethods.AccountTest" name="addChatter" time="90.099"/>
  <testcase classname="testcase.Demo3_SFWithElementMethod.AccountTest" name="addActivity" time="102.656"/>
  <testcase classname="testcase.Demo3_SFWithElementMethod.OpportunityTest" name="addChatter" time="88.369"/>
  <testcase classname="testcase.Demo3_SFWithElementMethod.ChatterTest" name="Chatter" time="70.648"/>
  <testcase classname="testcase.Demo3_SFWithElementMethod.AccountTest" name="addChatter" time="117.649"/>
  <testcase classname="testcase.Demo4_SFWithSpecificMethod.OpportunityTest" name="Opportunity" time="66.842">
    <failure type="java.lang.RuntimeException" message="Element not found :-Amount">
      <![CDATA[java.lang.RuntimeException: Element not found :-Amount
at com.solveurits.automation.SalesforceAT.sfInputTextMethod(SalesforceAT.java:702)
at com.solveurits.automation.SalesforceAT.sfInputText(SalesforceAT.java:624)
at features.Opportunity.fillOpportinityDetailsWithSpecificMethod(Opportunity.java:192)
at features.Opportunity.createOpportunityAndVerifyWithSpecificMethod(Opportunity.java:179)
at testcase.Demo4_SFWithSpecificMethod.OpportunityTest.Opportunity(OpportunityTest.java:86)
at java.base/jdk.internal.reflect.NativeMethodAccessorImpl.invoke0(Native Method)
at java.base/jdk.internal.reflect.NativeMethodAccessorImpl.invoke(NativeMethodAccessorImpl.java:62)
at java.base/jdk.internal.reflect.DelegatingMethodAccessorImpl.invoke(DelegatingMethodAccessorImpl.java:43)
at java.base/java.lang.reflect.Method.invoke(Method.java:567)
at org.testng.internal.MethodInvocationHelper.invokeMethod(MethodInvocationHelper.java:133)
at org.testng.internal.TestInvoker.invokeMethod(TestInvoker.java:584)
at org.testng.internal.TestInvoker.invokeTestMethod(TestInvoker.java:172)
at org.testng.internal.MethodRunner.runInSequence(MethodRunner.java:46)
at org.testng.internal.TestInvoker$MethodInvocationAgent.invoke(TestInvoker.java:804)
at org.testng.internal.TestInvoker.invokeTestMethods(TestInvoker.java:145)
at org.testng.internal.TestMethodWorker.invokeTestMethods(TestMethodWorker.java:146)
at org.testng.internal.TestMethodWorker.run(TestMethodWorker.java:128)
at java.base/java.util.ArrayList.forEach(ArrayList.java:1507)
at org.testng.TestRunner.privateRun(TestRunner.java:770)
at org.testng.TestRunner.run(TestRunner.java:591)
at org.testng.SuiteRunner.runTest(SuiteRunner.java:402)
at org.testng.SuiteRunner.access$000(SuiteRunner.java:41)
at org.testng.SuiteRunner$SuiteWorker.run(SuiteRunner.java:443)
at org.testng.internal.thread.ThreadUtil.lambda$execute$0(ThreadUtil.java:67)
at java.base/java.util.concurrent.FutureTask.run(FutureTask.java:264)
at java.base/java.util.concurrent.ThreadPoolExecutor.runWorker(ThreadPoolExecutor.java:1128)
at java.base/java.util.concurrent.ThreadPoolExecutor$Worker.run(ThreadPoolExecutor.java:628)
at java.base/java.lang.Thread.run(Thread.java:830)
]]>
    </failure>
  </testcase> <!-- Opportunity -->
  <testcase classname="testcase.Demo4_SFWithSpecificMethod.OpportunityTest" name="addActivity" time="30.704">
    <failure type="java.lang.RuntimeException" message="Element not found">
      <![CDATA[java.lang.RuntimeException: Element not found
at com.solveurits.automation.SalesforceAT.sfGetTabWebElementMethod(SalesforceAT.java:1484)
at com.solveurits.automation.SalesforceAT.sfGetTabWebElement(SalesforceAT.java:1477)
at com.solveurits.automation.SalesforceAT.sfClickTabMethod(SalesforceAT.java:1454)
at com.solveurits.automation.SalesforceAT.sfClickTab(SalesforceAT.java:1446)
at features.Opportunity.clickActivityTab(Opportunity.java:68)
at testcase.Demo4_SFWithSpecificMethod.OpportunityTest.addActivity(OpportunityTest.java:100)
at java.base/jdk.internal.reflect.NativeMethodAccessorImpl.invoke0(Native Method)
at java.base/jdk.internal.reflect.NativeMethodAccessorImpl.invoke(NativeMethodAccessorImpl.java:62)
at java.base/jdk.internal.reflect.DelegatingMethodAccessorImpl.invoke(DelegatingMethodAccessorImpl.java:43)
at java.base/java.lang.reflect.Method.invoke(Method.java:567)
at org.testng.internal.MethodInvocationHelper.invokeMethod(MethodInvocationHelper.java:133)
at org.testng.internal.TestInvoker.invokeMethod(TestInvoker.java:584)
at org.testng.internal.TestInvoker.invokeTestMethod(TestInvoker.java:172)
at org.testng.internal.MethodRunner.runInSequence(MethodRunner.java:46)
at org.testng.internal.TestInvoker$MethodInvocationAgent.invoke(TestInvoker.java:804)
at org.testng.internal.TestInvoker.invokeTestMethods(TestInvoker.java:145)
at org.testng.internal.TestMethodWorker.invokeTestMethods(TestMethodWorker.java:146)
at org.testng.internal.TestMethodWorker.run(TestMethodWorker.java:128)
at java.base/java.util.ArrayList.forEach(ArrayList.java:1507)
at org.testng.TestRunner.privateRun(TestRunner.java:770)
at org.testng.TestRunner.run(TestRunner.java:591)
at org.testng.SuiteRunner.runTest(SuiteRunner.java:402)
at org.testng.SuiteRunner.access$000(SuiteRunner.java:41)
at org.testng.SuiteRunner$SuiteWorker.run(SuiteRunner.java:443)
at org.testng.internal.thread.ThreadUtil.lambda$execute$0(ThreadUtil.java:67)
at java.base/java.util.concurrent.FutureTask.run(FutureTask.java:264)
at java.base/java.util.concurrent.ThreadPoolExecutor.runWorker(ThreadPoolExecutor.java:1128)
at java.base/java.util.concurrent.ThreadPoolExecutor$Worker.run(ThreadPoolExecutor.java:628)
at java.base/java.lang.Thread.run(Thread.java:830)
]]>
    </failure>
  </testcase> <!-- addActivity -->
  <testcase classname="testcase.Demo4_SFWithSpecificMethod.ChatterTest" name="Chatter" time="104.378"/>
</testsuite> <!-- Demo4_Chatter -->
