<html>
<head>
<title>TestNG:  Demo4_Opportunity</title>
<link href="../testng.css" rel="stylesheet" type="text/css" />
<link href="../my-testng.css" rel="stylesheet" type="text/css" />

<style type="text/css">
.log { display: none;} 
.stack-trace { display: none;} 
</style>
<script type="text/javascript">
<!--
function flip(e) {
  current = e.style.display;
  if (current == 'block') {
    e.style.display = 'none';
    return 0;
  }
  else {
    e.style.display = 'block';
    return 1;
  }
}

function toggleBox(szDivId, elem, msg1, msg2)
{
  var res = -1;  if (document.getElementById) {
    res = flip(document.getElementById(szDivId));
  }
  else if (document.all) {
    // this is the way old msie versions work
    res = flip(document.all[szDivId]);
  }
  if(elem) {
    if(res == 0) elem.innerHTML = msg1; else elem.innerHTML = msg2;
  }

}

function toggleAllBoxes() {
  if (document.getElementsByTagName) {
    d = document.getElementsByTagName('div');
    for (i = 0; i < d.length; i++) {
      if (d[i].className == 'log') {
        flip(d[i]);
      }
    }
  }
}

// -->
</script>

</head>
<body>
<h2 align='center'>Demo4_Opportunity</h2><table border='1' align="center">
<tr>
<td>Tests passed/Failed/Skipped:</td><td>0/3/0</td>
</tr><tr>
<td>Started on:</td><td>Tue May 12 21:29:00 IST 2020</td>
</tr>
<tr><td>Total time:</td><td>179 seconds (179982 ms)</td>
</tr><tr>
<td>Included groups:</td><td></td>
</tr><tr>
<td>Excluded groups:</td><td></td>
</tr>
</table><p/>
<small><i>(Hover the method name to see the test class name)</i></small><p/>
<table width='100%' border='1' class='invocation-failed'>
<tr><td colspan='4' align='center'><b>FAILED TESTS</b></td></tr>
<tr><td><b>Test method</b></td>
<td width="30%"><b>Exception</b></td>
<td width="10%"><b>Time (seconds)</b></td>
<td><b>Instance</b></td>
</tr>
<tr>
<td title='testcase.Demo4_SFWithSpecificMethod.OpportunityTest.Opportunity()'><b>Opportunity</b><br>Test class: testcase.Demo4_SFWithSpecificMethod.OpportunityTest</td>
<td><div><pre>java.lang.RuntimeException: Element not found :-Amount
	at com.solveurits.automation.SalesforceAT.sfInputTextMethod(SalesforceAT.java:702)
	at com.solveurits.automation.SalesforceAT.sfInputText(SalesforceAT.java:624)
	at features.Opportunity.fillOpportinityDetailsWithSpecificMethod(Opportunity.java:192)
	at features.Opportunity.createOpportunityAndVerifyWithSpecificMethod(Opportunity.java:179)
	at testcase.Demo4_SFWithSpecificMethod.OpportunityTest.Opportunity(OpportunityTest.java:86)
	at java.base/jdk.internal.reflect.NativeMethodAccessorImpl.invoke0(Native Method)
	at java.base/jdk.internal.reflect.NativeMethodAccessorImpl.invoke(NativeMethodAccessorImpl.java:62)
	at java.base/jdk.internal.reflect.DelegatingMethodAccessorImpl.invoke(DelegatingMethodAccessorImpl.java:43)
	at java.base/java.lang.reflect.Method.invoke(Method.java:567)
	at org.testng.internal.MethodInvocationHelper.invokeMethod(MethodInvocationHelper.java:133)
	at org.testng.internal.TestInvoker.invokeMethod(TestInvoker.java:584)
	at org.testng.internal.TestInvoker.invokeTestMethod(TestInvoker.java:172)
	at org.testng.internal.MethodRunner.runInSequence(MethodRunner.java:46)
	at org.testng.internal.TestInvoker$MethodInvocationAgent.invoke(TestInvoker.java:804)
	at org.testng.internal.TestInvoker.invokeTestMethods(TestInvoker.java:145)
	at org.testng.internal.TestMethodWorker.invokeTestMethods(TestMethodWorker.java:146)
	at org.testng.internal.TestMethodWorker.run(TestMethodWorker.java:128)
	at java.base/java.util.ArrayList.forEach(ArrayList.java:1507)
	at org.testng.TestRunner.privateRun(TestRunner.java:770)
	at org.testng.TestRunner.run(TestRunner.java:591)
	at org.testng.SuiteRunner.runTest(SuiteRunner.java:402)
	at org.testng.SuiteRunner.access$000(SuiteRunner.java:41)
	at org.testng.SuiteRunner$SuiteWorker.run(SuiteRunner.java:443)
	at org.testng.internal.thread.ThreadUtil.lambda$execute$0(ThreadUtil.java:67)
	at java.base/java.util.concurrent.FutureTask.run(FutureTask.java:264)
	at java.base/java.util.concurrent.ThreadPoolExecutor.runWorker(ThreadPoolExecutor.java:1128)
	at java.base/java.util.concurrent.ThreadPoolExecutor$Worker.run(ThreadPoolExecutor.java:628)
	at java.base/java.lang.Thread.run(Thread.java:830)
</pre></div><a href='#' onClick='toggleBox("stack-trace1823717586", this, "Click to show all stack frames", "Click to hide stack frames")'>Click to show all stack frames</a>
<div class='stack-trace' id='stack-trace1823717586'><pre>java.lang.RuntimeException: Element not found :-Amount
	at com.solveurits.automation.SalesforceAT.sfInputTextMethod(SalesforceAT.java:702)
	at com.solveurits.automation.SalesforceAT.sfInputText(SalesforceAT.java:624)
	at features.Opportunity.fillOpportinityDetailsWithSpecificMethod(Opportunity.java:192)
	at features.Opportunity.createOpportunityAndVerifyWithSpecificMethod(Opportunity.java:179)
	at testcase.Demo4_SFWithSpecificMethod.OpportunityTest.Opportunity(OpportunityTest.java:86)
	at java.base/jdk.internal.reflect.NativeMethodAccessorImpl.invoke0(Native Method)
	at java.base/jdk.internal.reflect.NativeMethodAccessorImpl.invoke(NativeMethodAccessorImpl.java:62)
	at java.base/jdk.internal.reflect.DelegatingMethodAccessorImpl.invoke(DelegatingMethodAccessorImpl.java:43)
	at java.base/java.lang.reflect.Method.invoke(Method.java:567)
	at org.testng.internal.MethodInvocationHelper.invokeMethod(MethodInvocationHelper.java:133)
	at org.testng.internal.TestInvoker.invokeMethod(TestInvoker.java:584)
	at org.testng.internal.TestInvoker.invokeTestMethod(TestInvoker.java:172)
	at org.testng.internal.MethodRunner.runInSequence(MethodRunner.java:46)
	at org.testng.internal.TestInvoker$MethodInvocationAgent.invoke(TestInvoker.java:804)
	at org.testng.internal.TestInvoker.invokeTestMethods(TestInvoker.java:145)
	at org.testng.internal.TestMethodWorker.invokeTestMethods(TestMethodWorker.java:146)
	at org.testng.internal.TestMethodWorker.run(TestMethodWorker.java:128)
	at java.base/java.util.ArrayList.forEach(ArrayList.java:1507)
	at org.testng.TestRunner.privateRun(TestRunner.java:770)
	at org.testng.TestRunner.run(TestRunner.java:591)
	at org.testng.SuiteRunner.runTest(SuiteRunner.java:402)
	at org.testng.SuiteRunner.access$000(SuiteRunner.java:41)
	at org.testng.SuiteRunner$SuiteWorker.run(SuiteRunner.java:443)
	at org.testng.internal.thread.ThreadUtil.lambda$execute$0(ThreadUtil.java:67)
	at java.base/java.util.concurrent.FutureTask.run(FutureTask.java:264)
	at java.base/java.util.concurrent.ThreadPoolExecutor.runWorker(ThreadPoolExecutor.java:1128)
	at java.base/java.util.concurrent.ThreadPoolExecutor$Worker.run(ThreadPoolExecutor.java:628)
	at java.base/java.lang.Thread.run(Thread.java:830)
</pre></div></td>
<td>66</td>
<td>testcase.Demo4_SFWithSpecificMethod.OpportunityTest@c267ef4</td></tr>
<tr>
<td title='testcase.Demo4_SFWithSpecificMethod.OpportunityTest.addActivity()'><b>addActivity</b><br>Test class: testcase.Demo4_SFWithSpecificMethod.OpportunityTest</td>
<td><div><pre>java.lang.RuntimeException: Element not found
	at com.solveurits.automation.SalesforceAT.sfGetTabWebElementMethod(SalesforceAT.java:1484)
	at com.solveurits.automation.SalesforceAT.sfGetTabWebElement(SalesforceAT.java:1477)
	at com.solveurits.automation.SalesforceAT.sfClickTabMethod(SalesforceAT.java:1454)
	at com.solveurits.automation.SalesforceAT.sfClickTab(SalesforceAT.java:1446)
	at features.Opportunity.clickActivityTab(Opportunity.java:68)
	at testcase.Demo4_SFWithSpecificMethod.OpportunityTest.addActivity(OpportunityTest.java:100)
	at java.base/jdk.internal.reflect.NativeMethodAccessorImpl.invoke0(Native Method)
	at java.base/jdk.internal.reflect.NativeMethodAccessorImpl.invoke(NativeMethodAccessorImpl.java:62)
	at java.base/jdk.internal.reflect.DelegatingMethodAccessorImpl.invoke(DelegatingMethodAccessorImpl.java:43)
	at java.base/java.lang.reflect.Method.invoke(Method.java:567)
	at org.testng.internal.MethodInvocationHelper.invokeMethod(MethodInvocationHelper.java:133)
	at org.testng.internal.TestInvoker.invokeMethod(TestInvoker.java:584)
	at org.testng.internal.TestInvoker.invokeTestMethod(TestInvoker.java:172)
	at org.testng.internal.MethodRunner.runInSequence(MethodRunner.java:46)
	at org.testng.internal.TestInvoker$MethodInvocationAgent.invoke(TestInvoker.java:804)
	at org.testng.internal.TestInvoker.invokeTestMethods(TestInvoker.java:145)
	at org.testng.internal.TestMethodWorker.invokeTestMethods(TestMethodWorker.java:146)
	at org.testng.internal.TestMethodWorker.run(TestMethodWorker.java:128)
	at java.base/java.util.ArrayList.forEach(ArrayList.java:1507)
	at org.testng.TestRunner.privateRun(TestRunner.java:770)
	at org.testng.TestRunner.run(TestRunner.java:591)
	at org.testng.SuiteRunner.runTest(SuiteRunner.java:402)
	at org.testng.SuiteRunner.access$000(SuiteRunner.java:41)
	at org.testng.SuiteRunner$SuiteWorker.run(SuiteRunner.java:443)
	at org.testng.internal.thread.ThreadUtil.lambda$execute$0(ThreadUtil.java:67)
	at java.base/java.util.concurrent.FutureTask.run(FutureTask.java:264)
	at java.base/java.util.concurrent.ThreadPoolExecutor.runWorker(ThreadPoolExecutor.java:1128)
	at java.base/java.util.concurrent.ThreadPoolExecutor$Worker.run(ThreadPoolExecutor.java:628)
	at java.base/java.lang.Thread.run(Thread.java:830)
</pre></div><a href='#' onClick='toggleBox("stack-trace955210734", this, "Click to show all stack frames", "Click to hide stack frames")'>Click to show all stack frames</a>
<div class='stack-trace' id='stack-trace955210734'><pre>java.lang.RuntimeException: Element not found
	at com.solveurits.automation.SalesforceAT.sfGetTabWebElementMethod(SalesforceAT.java:1484)
	at com.solveurits.automation.SalesforceAT.sfGetTabWebElement(SalesforceAT.java:1477)
	at com.solveurits.automation.SalesforceAT.sfClickTabMethod(SalesforceAT.java:1454)
	at com.solveurits.automation.SalesforceAT.sfClickTab(SalesforceAT.java:1446)
	at features.Opportunity.clickActivityTab(Opportunity.java:68)
	at testcase.Demo4_SFWithSpecificMethod.OpportunityTest.addActivity(OpportunityTest.java:100)
	at java.base/jdk.internal.reflect.NativeMethodAccessorImpl.invoke0(Native Method)
	at java.base/jdk.internal.reflect.NativeMethodAccessorImpl.invoke(NativeMethodAccessorImpl.java:62)
	at java.base/jdk.internal.reflect.DelegatingMethodAccessorImpl.invoke(DelegatingMethodAccessorImpl.java:43)
	at java.base/java.lang.reflect.Method.invoke(Method.java:567)
	at org.testng.internal.MethodInvocationHelper.invokeMethod(MethodInvocationHelper.java:133)
	at org.testng.internal.TestInvoker.invokeMethod(TestInvoker.java:584)
	at org.testng.internal.TestInvoker.invokeTestMethod(TestInvoker.java:172)
	at org.testng.internal.MethodRunner.runInSequence(MethodRunner.java:46)
	at org.testng.internal.TestInvoker$MethodInvocationAgent.invoke(TestInvoker.java:804)
	at org.testng.internal.TestInvoker.invokeTestMethods(TestInvoker.java:145)
	at org.testng.internal.TestMethodWorker.invokeTestMethods(TestMethodWorker.java:146)
	at org.testng.internal.TestMethodWorker.run(TestMethodWorker.java:128)
	at java.base/java.util.ArrayList.forEach(ArrayList.java:1507)
	at org.testng.TestRunner.privateRun(TestRunner.java:770)
	at org.testng.TestRunner.run(TestRunner.java:591)
	at org.testng.SuiteRunner.runTest(SuiteRunner.java:402)
	at org.testng.SuiteRunner.access$000(SuiteRunner.java:41)
	at org.testng.SuiteRunner$SuiteWorker.run(SuiteRunner.java:443)
	at org.testng.internal.thread.ThreadUtil.lambda$execute$0(ThreadUtil.java:67)
	at java.base/java.util.concurrent.FutureTask.run(FutureTask.java:264)
	at java.base/java.util.concurrent.ThreadPoolExecutor.runWorker(ThreadPoolExecutor.java:1128)
	at java.base/java.util.concurrent.ThreadPoolExecutor$Worker.run(ThreadPoolExecutor.java:628)
	at java.base/java.lang.Thread.run(Thread.java:830)
</pre></div></td>
<td>30</td>
<td>testcase.Demo4_SFWithSpecificMethod.OpportunityTest@c267ef4</td></tr>
<tr>
<td title='testcase.Demo4_SFWithSpecificMethod.OpportunityTest.addChatter()'><b>addChatter</b><br>Test class: testcase.Demo4_SFWithSpecificMethod.OpportunityTest</td>
<td><div><pre>java.lang.RuntimeException: Element not found
	at com.solveurits.automation.SalesforceAT.sfGetTabWebElementMethod(SalesforceAT.java:1484)
	at com.solveurits.automation.SalesforceAT.sfGetTabWebElement(SalesforceAT.java:1477)
	at com.solveurits.automation.SalesforceAT.sfClickTabMethod(SalesforceAT.java:1454)
	at com.solveurits.automation.SalesforceAT.sfClickTab(SalesforceAT.java:1450)
	at features.Opportunity.clickChatterTab(Opportunity.java:74)
	at testcase.Demo4_SFWithSpecificMethod.OpportunityTest.addChatter(OpportunityTest.java:121)
	at java.base/jdk.internal.reflect.NativeMethodAccessorImpl.invoke0(Native Method)
	at java.base/jdk.internal.reflect.NativeMethodAccessorImpl.invoke(NativeMethodAccessorImpl.java:62)
	at java.base/jdk.internal.reflect.DelegatingMethodAccessorImpl.invoke(DelegatingMethodAccessorImpl.java:43)
	at java.base/java.lang.reflect.Method.invoke(Method.java:567)
	at org.testng.internal.MethodInvocationHelper.invokeMethod(MethodInvocationHelper.java:133)
	at org.testng.internal.TestInvoker.invokeMethod(TestInvoker.java:584)
	at org.testng.internal.TestInvoker.invokeTestMethod(TestInvoker.java:172)
	at org.testng.internal.MethodRunner.runInSequence(MethodRunner.java:46)
	at org.testng.internal.TestInvoker$MethodInvocationAgent.invoke(TestInvoker.java:804)
	at org.testng.internal.TestInvoker.invokeTestMethods(TestInvoker.java:145)
	at org.testng.internal.TestMethodWorker.invokeTestMethods(TestMethodWorker.java:146)
	at org.testng.internal.TestMethodWorker.run(TestMethodWorker.java:128)
	at java.base/java.util.ArrayList.forEach(ArrayList.java:1507)
	at org.testng.TestRunner.privateRun(TestRunner.java:770)
	at org.testng.TestRunner.run(TestRunner.java:591)
	at org.testng.SuiteRunner.runTest(SuiteRunner.java:402)
	at org.testng.SuiteRunner.access$000(SuiteRunner.java:41)
	at org.testng.SuiteRunner$SuiteWorker.run(SuiteRunner.java:443)
	at org.testng.internal.thread.ThreadUtil.lambda$execute$0(ThreadUtil.java:67)
	at java.base/java.util.concurrent.FutureTask.run(FutureTask.java:264)
	at java.base/java.util.concurrent.ThreadPoolExecutor.runWorker(ThreadPoolExecutor.java:1128)
	at java.base/java.util.concurrent.ThreadPoolExecutor$Worker.run(ThreadPoolExecutor.java:628)
	at java.base/java.lang.Thread.run(Thread.java:830)
</pre></div><a href='#' onClick='toggleBox("stack-trace312516883", this, "Click to show all stack frames", "Click to hide stack frames")'>Click to show all stack frames</a>
<div class='stack-trace' id='stack-trace312516883'><pre>java.lang.RuntimeException: Element not found
	at com.solveurits.automation.SalesforceAT.sfGetTabWebElementMethod(SalesforceAT.java:1484)
	at com.solveurits.automation.SalesforceAT.sfGetTabWebElement(SalesforceAT.java:1477)
	at com.solveurits.automation.SalesforceAT.sfClickTabMethod(SalesforceAT.java:1454)
	at com.solveurits.automation.SalesforceAT.sfClickTab(SalesforceAT.java:1450)
	at features.Opportunity.clickChatterTab(Opportunity.java:74)
	at testcase.Demo4_SFWithSpecificMethod.OpportunityTest.addChatter(OpportunityTest.java:121)
	at java.base/jdk.internal.reflect.NativeMethodAccessorImpl.invoke0(Native Method)
	at java.base/jdk.internal.reflect.NativeMethodAccessorImpl.invoke(NativeMethodAccessorImpl.java:62)
	at java.base/jdk.internal.reflect.DelegatingMethodAccessorImpl.invoke(DelegatingMethodAccessorImpl.java:43)
	at java.base/java.lang.reflect.Method.invoke(Method.java:567)
	at org.testng.internal.MethodInvocationHelper.invokeMethod(MethodInvocationHelper.java:133)
	at org.testng.internal.TestInvoker.invokeMethod(TestInvoker.java:584)
	at org.testng.internal.TestInvoker.invokeTestMethod(TestInvoker.java:172)
	at org.testng.internal.MethodRunner.runInSequence(MethodRunner.java:46)
	at org.testng.internal.TestInvoker$MethodInvocationAgent.invoke(TestInvoker.java:804)
	at org.testng.internal.TestInvoker.invokeTestMethods(TestInvoker.java:145)
	at org.testng.internal.TestMethodWorker.invokeTestMethods(TestMethodWorker.java:146)
	at org.testng.internal.TestMethodWorker.run(TestMethodWorker.java:128)
	at java.base/java.util.ArrayList.forEach(ArrayList.java:1507)
	at org.testng.TestRunner.privateRun(TestRunner.java:770)
	at org.testng.TestRunner.run(TestRunner.java:591)
	at org.testng.SuiteRunner.runTest(SuiteRunner.java:402)
	at org.testng.SuiteRunner.access$000(SuiteRunner.java:41)
	at org.testng.SuiteRunner$SuiteWorker.run(SuiteRunner.java:443)
	at org.testng.internal.thread.ThreadUtil.lambda$execute$0(ThreadUtil.java:67)
	at java.base/java.util.concurrent.FutureTask.run(FutureTask.java:264)
	at java.base/java.util.concurrent.ThreadPoolExecutor.runWorker(ThreadPoolExecutor.java:1128)
	at java.base/java.util.concurrent.ThreadPoolExecutor$Worker.run(ThreadPoolExecutor.java:628)
	at java.base/java.lang.Thread.run(Thread.java:830)
</pre></div></td>
<td>30</td>
<td>testcase.Demo4_SFWithSpecificMethod.OpportunityTest@c267ef4</td></tr>
</table><p>
<table width='100%' border='1' class='invocation-passed'>
<tr><td colspan='4' align='center'><b>PASSED TESTS</b></td></tr>
<tr><td><b>Test method</b></td>
<td width="30%"><b>Exception</b></td>
<td width="10%"><b>Time (seconds)</b></td>
<td><b>Instance</b></td>
</tr>
<tr>
<td title='testcase.Demo2_SFGlobalMethods.ChatterTest.Chatter()'><b>Chatter</b><br>Test class: testcase.Demo2_SFGlobalMethods.ChatterTest</td>
<td></td>
<td>126</td>
<td>testcase.Demo2_SFGlobalMethods.ChatterTest@48e4374</td></tr>
<tr>
<td title='testcase.Demo3_SFWithElementMethod.ChatterTest.Chatter()'><b>Chatter</b><br>Test class: testcase.Demo3_SFWithElementMethod.ChatterTest</td>
<td></td>
<td>70</td>
<td>testcase.Demo3_SFWithElementMethod.ChatterTest@e056f20</td></tr>
<tr>
<td title='testcase.Demo2_SFGlobalMethods.OpportunityTest.Opportunity()'><b>Opportunity</b><br>Test class: testcase.Demo2_SFGlobalMethods.OpportunityTest</td>
<td></td>
<td>123</td>
<td>testcase.Demo2_SFGlobalMethods.OpportunityTest@1d119efb</td></tr>
<tr>
<td title='testcase.Demo3_SFWithElementMethod.OpportunityTest.Opportunity()'><b>Opportunity</b><br>Test class: testcase.Demo3_SFWithElementMethod.OpportunityTest</td>
<td></td>
<td>83</td>
<td>testcase.Demo3_SFWithElementMethod.OpportunityTest@2e4b8173</td></tr>
<tr>
<td title='testcase.Demo2_SFGlobalMethods.OpportunityTest.addActivity()'><b>addActivity</b><br>Test class: testcase.Demo2_SFGlobalMethods.OpportunityTest</td>
<td></td>
<td>132</td>
<td>testcase.Demo2_SFGlobalMethods.OpportunityTest@1d119efb</td></tr>
<tr>
<td title='testcase.Demo2_SFGlobalMethods.AccountTest.addActivity()'><b>addActivity</b><br>Test class: testcase.Demo2_SFGlobalMethods.AccountTest</td>
<td></td>
<td>96</td>
<td>testcase.Demo2_SFGlobalMethods.AccountTest@6ef888f6</td></tr>
<tr>
<td title='testcase.Demo3_SFWithElementMethod.OpportunityTest.addActivity()'><b>addActivity</b><br>Test class: testcase.Demo3_SFWithElementMethod.OpportunityTest</td>
<td></td>
<td>87</td>
<td>testcase.Demo3_SFWithElementMethod.OpportunityTest@2e4b8173</td></tr>
<tr>
<td title='testcase.Demo3_SFWithElementMethod.AccountTest.addActivity()'><b>addActivity</b><br>Test class: testcase.Demo3_SFWithElementMethod.AccountTest</td>
<td></td>
<td>102</td>
<td>testcase.Demo3_SFWithElementMethod.AccountTest@cd3fee8</td></tr>
<tr>
<td title='testcase.Demo4_SFWithSpecificMethod.AccountTest.addActivity()'><b>addActivity</b><br>Test class: testcase.Demo4_SFWithSpecificMethod.AccountTest</td>
<td></td>
<td>45</td>
<td>testcase.Demo4_SFWithSpecificMethod.AccountTest@6580cfdd</td></tr>
<tr>
<td title='testcase.Demo2_SFGlobalMethods.OpportunityTest.addChatter()'><b>addChatter</b><br>Test class: testcase.Demo2_SFGlobalMethods.OpportunityTest</td>
<td></td>
<td>80</td>
<td>testcase.Demo2_SFGlobalMethods.OpportunityTest@1d119efb</td></tr>
<tr>
<td title='testcase.Demo2_SFGlobalMethods.AccountTest.addChatter()'><b>addChatter</b><br>Test class: testcase.Demo2_SFGlobalMethods.AccountTest</td>
<td></td>
<td>90</td>
<td>testcase.Demo2_SFGlobalMethods.AccountTest@6ef888f6</td></tr>
<tr>
<td title='testcase.Demo3_SFWithElementMethod.OpportunityTest.addChatter()'><b>addChatter</b><br>Test class: testcase.Demo3_SFWithElementMethod.OpportunityTest</td>
<td></td>
<td>88</td>
<td>testcase.Demo3_SFWithElementMethod.OpportunityTest@2e4b8173</td></tr>
<tr>
<td title='testcase.Demo3_SFWithElementMethod.AccountTest.addChatter()'><b>addChatter</b><br>Test class: testcase.Demo3_SFWithElementMethod.AccountTest</td>
<td></td>
<td>117</td>
<td>testcase.Demo3_SFWithElementMethod.AccountTest@cd3fee8</td></tr>
<tr>
<td title='testcase.Demo4_SFWithSpecificMethod.AccountTest.addChatter()'><b>addChatter</b><br>Test class: testcase.Demo4_SFWithSpecificMethod.AccountTest</td>
<td></td>
<td>44</td>
<td>testcase.Demo4_SFWithSpecificMethod.AccountTest@6580cfdd</td></tr>
<tr>
<td title='testcase.Demo2_SFGlobalMethods.AccountTest.createAccount()'><b>createAccount</b><br>Test class: testcase.Demo2_SFGlobalMethods.AccountTest</td>
<td></td>
<td>231</td>
<td>testcase.Demo2_SFGlobalMethods.AccountTest@6ef888f6</td></tr>
<tr>
<td title='testcase.Demo3_SFWithElementMethod.AccountTest.createAccount()'><b>createAccount</b><br>Test class: testcase.Demo3_SFWithElementMethod.AccountTest</td>
<td></td>
<td>198</td>
<td>testcase.Demo3_SFWithElementMethod.AccountTest@cd3fee8</td></tr>
<tr>
<td title='testcase.Demo4_SFWithSpecificMethod.AccountTest.createAccount()'><b>createAccount</b><br>Test class: testcase.Demo4_SFWithSpecificMethod.AccountTest</td>
<td></td>
<td>152</td>
<td>testcase.Demo4_SFWithSpecificMethod.AccountTest@6580cfdd</td></tr>
<tr>
<td title='testcase.Demo1_GlobalSearch.SFGlobalSearch.globalSearch()'><b>globalSearch</b><br>Test class: testcase.Demo1_GlobalSearch.SFGlobalSearch</td>
<td></td>
<td>113</td>
<td>testcase.Demo1_GlobalSearch.SFGlobalSearch@7c469c48</td></tr>
</table><p>
</body>
</html>