<html>
<head>
<title>TestNG:  Demo4_Chatter</title>
<link href="../testng.css" rel="stylesheet" type="text/css" />
<link href="../my-testng.css" rel="stylesheet" type="text/css" />

<style type="text/css">
.log { display: none;} 
.stack-trace { display: none;} 
</style>
<script type="text/javascript">
<!--
function flip(e) {
  current = e.style.display;
  if (current == 'block') {
    e.style.display = 'none';
    return 0;
  }
  else {
    e.style.display = 'block';
    return 1;
  }
}

function toggleBox(szDivId, elem, msg1, msg2)
{
  var res = -1;  if (document.getElementById) {
    res = flip(document.getElementById(szDivId));
  }
  else if (document.all) {
    // this is the way old msie versions work
    res = flip(document.all[szDivId]);
  }
  if(elem) {
    if(res == 0) elem.innerHTML = msg1; else elem.innerHTML = msg2;
  }

}

function toggleAllBoxes() {
  if (document.getElementsByTagName) {
    d = document.getElementsByTagName('div');
    for (i = 0; i < d.length; i++) {
      if (d[i].className == 'log') {
        flip(d[i]);
      }
    }
  }
}

// -->
</script>

</head>
<body>
<h2 align='center'>Demo4_Chatter</h2><table border='1' align="center">
<tr>
<td>Tests passed/Failed/Skipped:</td><td>0/1/0</td>
</tr><tr>
<td>Started on:</td><td>Thu May 14 09:07:21 IST 2020</td>
</tr>
<tr><td>Total time:</td><td>69 seconds (69329 ms)</td>
</tr><tr>
<td>Included groups:</td><td></td>
</tr><tr>
<td>Excluded groups:</td><td></td>
</tr>
</table><p/>
<small><i>(Hover the method name to see the test class name)</i></small><p/>
<table width='100%' border='1' class='invocation-failed'>
<tr><td colspan='4' align='center'><b>FAILED TESTS</b></td></tr>
<tr><td><b>Test method</b></td>
<td width="30%"><b>Exception</b></td>
<td width="10%"><b>Time (seconds)</b></td>
<td><b>Instance</b></td>
</tr>
<tr>
<td title='testcase.Demo2_SFGlobalMethods.ChatterTest.Chatter()'><b>Chatter</b><br>Test class: testcase.Demo2_SFGlobalMethods.ChatterTest</td>
<td><div><pre>java.lang.RuntimeException: Element not found
	at com.solveurits.automation.SalesforceAT.sfGetTabWebElementMethod(SalesforceAT.java:1484)
	at com.solveurits.automation.SalesforceAT.sfGetTabWebElement(SalesforceAT.java:1477)
	at com.solveurits.automation.SalesforceAT.sfClickTabMethod(SalesforceAT.java:1454)
	at com.solveurits.automation.SalesforceAT.sfClickTab(SalesforceAT.java:1446)
	at features.Chatter.clickPostTab(Chatter.java:51)
	at features.Chatter.addPostChatter(Chatter.java:113)
	at testcase.Demo2_SFGlobalMethods.ChatterTest.Chatter(ChatterTest.java:92)
	at java.base/java.util.ArrayList.forEach(ArrayList.java:1507)
	at java.base/java.util.concurrent.FutureTask.run(FutureTask.java:264)
	at java.base/java.util.concurrent.ThreadPoolExecutor.runWorker(ThreadPoolExecutor.java:1128)
	at java.base/java.util.concurrent.ThreadPoolExecutor$Worker.run(ThreadPoolExecutor.java:628)
	at java.base/java.lang.Thread.run(Thread.java:830)
... Removed 18 stack frames</pre></div><a href='#' onClick='toggleBox("stack-trace1709380557", this, "Click to show all stack frames", "Click to hide stack frames")'>Click to show all stack frames</a>
<div class='stack-trace' id='stack-trace1709380557'><pre>java.lang.RuntimeException: Element not found
	at com.solveurits.automation.SalesforceAT.sfGetTabWebElementMethod(SalesforceAT.java:1484)
	at com.solveurits.automation.SalesforceAT.sfGetTabWebElement(SalesforceAT.java:1477)
	at com.solveurits.automation.SalesforceAT.sfClickTabMethod(SalesforceAT.java:1454)
	at com.solveurits.automation.SalesforceAT.sfClickTab(SalesforceAT.java:1446)
	at features.Chatter.clickPostTab(Chatter.java:51)
	at features.Chatter.addPostChatter(Chatter.java:113)
	at testcase.Demo2_SFGlobalMethods.ChatterTest.Chatter(ChatterTest.java:92)
	at java.base/jdk.internal.reflect.NativeMethodAccessorImpl.invoke0(Native Method)
	at java.base/jdk.internal.reflect.NativeMethodAccessorImpl.invoke(NativeMethodAccessorImpl.java:62)
	at java.base/jdk.internal.reflect.DelegatingMethodAccessorImpl.invoke(DelegatingMethodAccessorImpl.java:43)
	at java.base/java.lang.reflect.Method.invoke(Method.java:567)
	at org.testng.internal.MethodInvocationHelper.invokeMethod(MethodInvocationHelper.java:133)
	at org.testng.internal.TestInvoker.invokeMethod(TestInvoker.java:584)
	at org.testng.internal.TestInvoker.invokeTestMethod(TestInvoker.java:172)
	at org.testng.internal.MethodRunner.runInSequence(MethodRunner.java:46)
	at org.testng.internal.TestInvoker$MethodInvocationAgent.invoke(TestInvoker.java:804)
	at org.testng.internal.TestInvoker.invokeTestMethods(TestInvoker.java:145)
	at org.testng.internal.TestMethodWorker.invokeTestMethods(TestMethodWorker.java:146)
	at org.testng.internal.TestMethodWorker.run(TestMethodWorker.java:128)
	at java.base/java.util.ArrayList.forEach(ArrayList.java:1507)
	at org.testng.TestRunner.privateRun(TestRunner.java:770)
	at org.testng.TestRunner.run(TestRunner.java:591)
	at org.testng.SuiteRunner.runTest(SuiteRunner.java:402)
	at org.testng.SuiteRunner.access$000(SuiteRunner.java:41)
	at org.testng.SuiteRunner$SuiteWorker.run(SuiteRunner.java:443)
	at org.testng.internal.thread.ThreadUtil.lambda$execute$0(ThreadUtil.java:67)
	at java.base/java.util.concurrent.FutureTask.run(FutureTask.java:264)
	at java.base/java.util.concurrent.ThreadPoolExecutor.runWorker(ThreadPoolExecutor.java:1128)
	at java.base/java.util.concurrent.ThreadPoolExecutor$Worker.run(ThreadPoolExecutor.java:628)
	at java.base/java.lang.Thread.run(Thread.java:830)
</pre></div></td>
<td>46</td>
<td>testcase.Demo2_SFGlobalMethods.ChatterTest@49b0b76</td></tr>
<tr>
<td title='testcase.Demo4_SFWithSpecificMethod.ChatterTest.Chatter()'><b>Chatter</b><br>Test class: testcase.Demo4_SFWithSpecificMethod.ChatterTest</td>
<td><div><pre>java.lang.RuntimeException: Element not found
	at com.solveurits.automation.SalesforceAT.sfGetTabWebElementMethod(SalesforceAT.java:1484)
	at com.solveurits.automation.SalesforceAT.sfGetTabWebElement(SalesforceAT.java:1477)
	at com.solveurits.automation.SalesforceAT.sfClickTabMethod(SalesforceAT.java:1454)
	at com.solveurits.automation.SalesforceAT.sfClickTab(SalesforceAT.java:1446)
	at features.Chatter.clickPostTab(Chatter.java:51)
	at features.Chatter.addPostChatterWithSpecificMethod(Chatter.java:152)
	at testcase.Demo4_SFWithSpecificMethod.ChatterTest.Chatter(ChatterTest.java:92)
	at java.base/java.util.ArrayList.forEach(ArrayList.java:1507)
	at java.base/java.util.concurrent.FutureTask.run(FutureTask.java:264)
	at java.base/java.util.concurrent.ThreadPoolExecutor.runWorker(ThreadPoolExecutor.java:1128)
	at java.base/java.util.concurrent.ThreadPoolExecutor$Worker.run(ThreadPoolExecutor.java:628)
	at java.base/java.lang.Thread.run(Thread.java:830)
... Removed 18 stack frames</pre></div><a href='#' onClick='toggleBox("stack-trace1652476864", this, "Click to show all stack frames", "Click to hide stack frames")'>Click to show all stack frames</a>
<div class='stack-trace' id='stack-trace1652476864'><pre>java.lang.RuntimeException: Element not found
	at com.solveurits.automation.SalesforceAT.sfGetTabWebElementMethod(SalesforceAT.java:1484)
	at com.solveurits.automation.SalesforceAT.sfGetTabWebElement(SalesforceAT.java:1477)
	at com.solveurits.automation.SalesforceAT.sfClickTabMethod(SalesforceAT.java:1454)
	at com.solveurits.automation.SalesforceAT.sfClickTab(SalesforceAT.java:1446)
	at features.Chatter.clickPostTab(Chatter.java:51)
	at features.Chatter.addPostChatterWithSpecificMethod(Chatter.java:152)
	at testcase.Demo4_SFWithSpecificMethod.ChatterTest.Chatter(ChatterTest.java:92)
	at java.base/jdk.internal.reflect.NativeMethodAccessorImpl.invoke0(Native Method)
	at java.base/jdk.internal.reflect.NativeMethodAccessorImpl.invoke(NativeMethodAccessorImpl.java:62)
	at java.base/jdk.internal.reflect.DelegatingMethodAccessorImpl.invoke(DelegatingMethodAccessorImpl.java:43)
	at java.base/java.lang.reflect.Method.invoke(Method.java:567)
	at org.testng.internal.MethodInvocationHelper.invokeMethod(MethodInvocationHelper.java:133)
	at org.testng.internal.TestInvoker.invokeMethod(TestInvoker.java:584)
	at org.testng.internal.TestInvoker.invokeTestMethod(TestInvoker.java:172)
	at org.testng.internal.MethodRunner.runInSequence(MethodRunner.java:46)
	at org.testng.internal.TestInvoker$MethodInvocationAgent.invoke(TestInvoker.java:804)
	at org.testng.internal.TestInvoker.invokeTestMethods(TestInvoker.java:145)
	at org.testng.internal.TestMethodWorker.invokeTestMethods(TestMethodWorker.java:146)
	at org.testng.internal.TestMethodWorker.run(TestMethodWorker.java:128)
	at java.base/java.util.ArrayList.forEach(ArrayList.java:1507)
	at org.testng.TestRunner.privateRun(TestRunner.java:770)
	at org.testng.TestRunner.run(TestRunner.java:591)
	at org.testng.SuiteRunner.runTest(SuiteRunner.java:402)
	at org.testng.SuiteRunner.access$000(SuiteRunner.java:41)
	at org.testng.SuiteRunner$SuiteWorker.run(SuiteRunner.java:443)
	at org.testng.internal.thread.ThreadUtil.lambda$execute$0(ThreadUtil.java:67)
	at java.base/java.util.concurrent.FutureTask.run(FutureTask.java:264)
	at java.base/java.util.concurrent.ThreadPoolExecutor.runWorker(ThreadPoolExecutor.java:1128)
	at java.base/java.util.concurrent.ThreadPoolExecutor$Worker.run(ThreadPoolExecutor.java:628)
	at java.base/java.lang.Thread.run(Thread.java:830)
</pre></div></td>
<td>31</td>
<td>testcase.Demo4_SFWithSpecificMethod.ChatterTest@5c30a9b0</td></tr>
</table><p>
<table width='100%' border='1' class='invocation-passed'>
<tr><td colspan='4' align='center'><b>PASSED TESTS</b></td></tr>
<tr><td><b>Test method</b></td>
<td width="30%"><b>Exception</b></td>
<td width="10%"><b>Time (seconds)</b></td>
<td><b>Instance</b></td>
</tr>
<tr>
<td title='testcase.Demo3_SFWithElementMethod.ChatterTest.Chatter()'><b>Chatter</b><br>Test class: testcase.Demo3_SFWithElementMethod.ChatterTest</td>
<td></td>
<td>65</td>
<td>testcase.Demo3_SFWithElementMethod.ChatterTest@2e4b8173</td></tr>
<tr>
<td title='testcase.Demo2_SFGlobalMethods.OpportunityTest.Opportunity()'><b>Opportunity</b><br>Test class: testcase.Demo2_SFGlobalMethods.OpportunityTest</td>
<td></td>
<td>168</td>
<td>testcase.Demo2_SFGlobalMethods.OpportunityTest@bef2d72</td></tr>
<tr>
<td title='testcase.Demo3_SFWithElementMethod.OpportunityTest.Opportunity()'><b>Opportunity</b><br>Test class: testcase.Demo3_SFWithElementMethod.OpportunityTest</td>
<td></td>
<td>177</td>
<td>testcase.Demo3_SFWithElementMethod.OpportunityTest@cd3fee8</td></tr>
<tr>
<td title='testcase.Demo4_SFWithSpecificMethod.OpportunityTest.Opportunity()'><b>Opportunity</b><br>Test class: testcase.Demo4_SFWithSpecificMethod.OpportunityTest</td>
<td></td>
<td>181</td>
<td>testcase.Demo4_SFWithSpecificMethod.OpportunityTest@6a28ffa4</td></tr>
<tr>
<td title='testcase.Demo2_SFGlobalMethods.AccountTest.account()'><b>account</b><br>Test class: testcase.Demo2_SFGlobalMethods.AccountTest</td>
<td></td>
<td>269</td>
<td>testcase.Demo2_SFGlobalMethods.AccountTest@ef9296d</td></tr>
<tr>
<td title='testcase.Demo3_SFWithElementMethod.AccountTest.account()'><b>account</b><br>Test class: testcase.Demo3_SFWithElementMethod.AccountTest</td>
<td></td>
<td>253</td>
<td>testcase.Demo3_SFWithElementMethod.AccountTest@48e4374</td></tr>
<tr>
<td title='testcase.Demo4_SFWithSpecificMethod.AccountTest.account()'><b>account</b><br>Test class: testcase.Demo4_SFWithSpecificMethod.AccountTest</td>
<td></td>
<td>246</td>
<td>testcase.Demo4_SFWithSpecificMethod.AccountTest@64cd705f</td></tr>
<tr>
<td title='testcase.Demo1_GlobalSearch.SFGlobalSearch.globalSearch()'><b>globalSearch</b><br>Test class: testcase.Demo1_GlobalSearch.SFGlobalSearch</td>
<td></td>
<td>59</td>
<td>testcase.Demo1_GlobalSearch.SFGlobalSearch@647fd8ce</td></tr>
</table><p>
</body>
</html>