<?xml version="1.0" encoding="UTF-8"?>
<!-- Generated by org.testng.reporters.JUnitReportReporter -->
<testsuite hostname="DESKTOP-060IDNG" failures="0" tests="3" name="testcase.Demo2_SFGlobalMethods.OpportunityTest" time="225.411" errors="1" timestamp="2020-05-12T19:39:31 IST" skipped="0">
  <testcase classname="testcase.Demo2_SFGlobalMethods.OpportunityTest" name="Opportunity" time="82.510"/>
  <testcase classname="testcase.Demo2_SFGlobalMethods.OpportunityTest" name="addActivity" time="86.796">
    <error message="Element not found :-Name" type="java.lang.RuntimeException">
      <![CDATA[java.lang.RuntimeException: Element not found :-Name
at com.solveurits.automation.SalesforceAT.sfFormFieldMethod(SalesforceAT.java:475)
at com.solveurits.automation.SalesforceAT.sfFormField(SalesforceAT.java:373)
at features.Activity.fillEventDetails(Activity.java:89)
at features.Activity.addNewEventActivity(Activity.java:181)
at testcase.Demo2_SFGlobalMethods.OpportunityTest.addActivity(OpportunityTest.java:107)
at java.base/jdk.internal.reflect.NativeMethodAccessorImpl.invoke0(Native Method)
at java.base/jdk.internal.reflect.NativeMethodAccessorImpl.invoke(NativeMethodAccessorImpl.java:62)
at java.base/jdk.internal.reflect.DelegatingMethodAccessorImpl.invoke(DelegatingMethodAccessorImpl.java:43)
at java.base/java.lang.reflect.Method.invoke(Method.java:567)
at org.testng.internal.MethodInvocationHelper.invokeMethod(MethodInvocationHelper.java:133)
at org.testng.internal.TestInvoker.invokeMethod(TestInvoker.java:584)
at org.testng.internal.TestInvoker.invokeTestMethod(TestInvoker.java:172)
at org.testng.internal.MethodRunner.runInSequence(MethodRunner.java:46)
at org.testng.internal.TestInvoker$MethodInvocationAgent.invoke(TestInvoker.java:804)
at org.testng.internal.TestInvoker.invokeTestMethods(TestInvoker.java:145)
at org.testng.internal.TestMethodWorker.invokeTestMethods(TestMethodWorker.java:146)
at org.testng.internal.TestMethodWorker.run(TestMethodWorker.java:128)
at java.base/java.util.ArrayList.forEach(ArrayList.java:1507)
at org.testng.TestRunner.privateRun(TestRunner.java:770)
at org.testng.TestRunner.run(TestRunner.java:591)
at org.testng.SuiteRunner.runTest(SuiteRunner.java:402)
at org.testng.SuiteRunner.runSequentially(SuiteRunner.java:396)
at org.testng.SuiteRunner.privateRun(SuiteRunner.java:355)
at org.testng.SuiteRunner.run(SuiteRunner.java:304)
at org.testng.SuiteRunnerWorker.runSuite(SuiteRunnerWorker.java:53)
at org.testng.SuiteRunnerWorker.run(SuiteRunnerWorker.java:96)
at org.testng.TestNG.runSuitesSequentially(TestNG.java:1180)
at org.testng.TestNG.runSuitesLocally(TestNG.java:1102)
at org.testng.TestNG.runSuites(TestNG.java:1032)
at org.testng.TestNG.run(TestNG.java:1000)
at org.testng.remote.AbstractRemoteTestNG.run(AbstractRemoteTestNG.java:115)
at org.testng.remote.RemoteTestNG.initAndRun(RemoteTestNG.java:251)
at org.testng.remote.RemoteTestNG.main(RemoteTestNG.java:77)
]]>
    </error>
  </testcase> <!-- addActivity -->
  <testcase classname="testcase.Demo2_SFGlobalMethods.OpportunityTest" name="addChatter" time="56.105"/>
</testsuite> <!-- testcase.Demo2_SFGlobalMethods.OpportunityTest -->
